15:34:00 DEBUG : Logs will be stored at 'U:/Downloads/ece385/final_project_111/final_project_1/final_project_workspace_system/IDE.log'.
15:34:03 INFO  : Launching XSCT server: xsct.bat -n  -interactive U:\Downloads\ece385\final_project_111\final_project_1\final_project_workspace_system\temp_xsdb_launch_script.tcl
15:34:03 INFO  : Registering command handlers for Vitis TCF services
15:34:04 INFO  : Platform repository initialization has completed.
15:34:06 INFO  : XSCT server has started successfully.
15:34:06 INFO  : plnx-install-location is set to ''
15:34:09 INFO  : Successfully done setting XSCT server connection channel  
15:34:09 INFO  : Successfully done query RDI_DATADIR 
15:34:09 INFO  : Successfully done setting workspace for the tool. 
15:35:31 DEBUG : Logs will be stored at 'U:/Downloads/ece385/final_project_111/final_project_1/final_project_workspace_system/IDE.log'.
15:35:33 INFO  : Launching XSCT server: xsct.bat -n  -interactive U:\Downloads\ece385\final_project_111\final_project_1\final_project_workspace_system\temp_xsdb_launch_script.tcl
15:35:33 INFO  : Registering command handlers for Vitis TCF services
15:35:34 INFO  : Platform repository initialization has completed.
15:35:35 INFO  : XSCT server has started successfully.
15:35:35 INFO  : plnx-install-location is set to ''
15:35:35 INFO  : Successfully done setting XSCT server connection channel  
15:35:35 INFO  : Successfully done query RDI_DATADIR 
15:35:35 INFO  : Successfully done setting workspace for the tool. 
15:35:49 DEBUG : Logs will be stored at 'U:/Downloads/ece385/final_project_111/final_project_1/final_project_workspace_system/IDE.log'.
15:35:51 INFO  : Launching XSCT server: xsct.bat -n  -interactive U:\Downloads\ece385\final_project_111\final_project_1\final_project_workspace_system\temp_xsdb_launch_script.tcl
15:35:51 INFO  : Registering command handlers for Vitis TCF services
15:35:52 INFO  : Platform repository initialization has completed.
15:35:53 INFO  : XSCT server has started successfully.
15:35:53 INFO  : plnx-install-location is set to ''
15:35:53 INFO  : Successfully done setting XSCT server connection channel  
15:35:53 INFO  : Successfully done query RDI_DATADIR 
15:35:53 INFO  : Successfully done setting workspace for the tool. 
15:36:41 DEBUG : Logs will be stored at 'U:/Downloads/ece385/final_project_111/final_project_1/final_project_workspace_system/IDE.log'.
15:36:43 INFO  : Launching XSCT server: xsct.bat -n  -interactive U:\Downloads\ece385\final_project_111\final_project_1\final_project_workspace_system\temp_xsdb_launch_script.tcl
15:36:44 INFO  : Registering command handlers for Vitis TCF services
15:36:44 INFO  : Platform repository initialization has completed.
15:36:45 INFO  : XSCT server has started successfully.
15:36:45 INFO  : plnx-install-location is set to ''
15:36:45 INFO  : Successfully done setting XSCT server connection channel  
15:36:45 INFO  : Successfully done setting workspace for the tool. 
15:36:45 INFO  : Successfully done query RDI_DATADIR 
